<?xml version="1.0" encoding="utf-8"?>
<!DOCTYPE hibernate-configuration SYSTEM
        "http://www.hibernate.org/dtd/hibernate-configuration-3.0.dtd">

<hibernate-configuration>
    <session-factory>
        <property name="connection.driver_class">org.postgresql.Driver</property>
        <property name="connection.url">jdbc:postgresql://localhost:5432/examstest</property>
        <property name="connection.username">postgres</property>
        <property name="connection.password">postgres</property>
        <property name="hibernate.dialect">org.hibernate.dialect.PostgreSQL94Dialect</property>
        <property name="show_sql">true</property>
        <property name="hbm2ddl.auto">update</property>
        <property name="c3p0.timeout">10</property>
        <mapping class="com.exams.entity.Exam"/>
        <mapping class="com.exams.entity.Subject"/>
        <mapping class="com.exams.entity.User"/>
    </session-factory>
</hibernate-configuration>